# JRE version: Java(TM) SE Runtime Environment (7.0_79-b15) (build 1.7.0_79-b15)
# Java VM: Java HotSpot(TM) Client VM (24.79-b02 mixed mode, sharing windows-x86 )
Heap
 def new generation   total 31744K, used 27107K [0x27200000, 0x29470000, 0x2c750000)
  eden space 28224K,  91% used [0x27200000, 0x28b3a070, 0x28d90000)
  from space 3520K,  36% used [0x29100000, 0x2923ef58, 0x29470000)
  to   space 3520K,   0% used [0x28d90000, 0x28d90000, 0x29100000)
 tenured generation   total 70396K, used 47485K [0x2c750000, 0x30c0f000, 0x37200000)
   the space 70396K,  67% used [0x2c750000, 0x2f5af538, 0x2f5af600, 0x30c0f000)
 compacting perm gen  total 12288K, used 2852K [0x37200000, 0x37e00000, 0x3b200000)
   the space 12288K,  23% used [0x37200000, 0x374c9340, 0x374c9400, 0x37e00000)
    ro space 10240K,  44% used [0x3b200000, 0x3b67c1d8, 0x3b67c200, 0x3bc00000)
    rw space 12288K,  52% used [0x3bc00000, 0x3c2440c0, 0x3c244200, 0x3c800000)
GC Heap History (10 events):
Event: 2.691 GC heap before
{Heap before GC invocations=9 (full 1):
 def new generation   total 5568K, used 5009K [0x27200000, 0x27800000, 0x2c750000)
  eden space 4992K, 100% used [0x27200000, 0x276e0000, 0x276e0000)
  from space 576K,   3% used [0x276e0000, 0x276e4740, 0x27770000)
  to   space 576K,   0% used [0x27770000, 0x27770000, 0x27800000)
 tenured generation   total 22212K, used 20876K [0x2c750000, 0x2dd01000, 0x37200000)
   the space 22212K,  93% used [0x2c750000, 0x2dbb3260, 0x2dbb3400, 0x2dd01000)
 compacting perm gen  total 12288K, used 1432K [0x37200000, 0x37e00000, 0x3b200000)
   the space 12288K,  11% used [0x37200000, 0x37366078, 0x37366200, 0x37e00000)
    ro space 10240K,  44% used [0x3b200000, 0x3b67c1d8, 0x3b67c200, 0x3bc00000)
    rw space 12288K,  52% used [0x3bc00000, 0x3c2440c0, 0x3c244200, 0x3c800000)
Event: 2.708 GC heap after
Heap after GC invocations=10 (full 2):
 def new generation   total 18432K, used 0K [0x27200000, 0x28600000, 0x2c750000)
  eden space 16384K,   0% used [0x27200000, 0x27200000, 0x28200000)
  from space 2048K,   0% used [0x28200000, 0x28200000, 0x28400000)
  to   space 2048K,   0% used [0x28400000, 0x28400000, 0x28600000)
 tenured generation   total 40828K, used 24494K [0x2c750000, 0x2ef2f000, 0x37200000)
   the space 40828K,  59% used [0x2c750000, 0x2df3ba50, 0x2df3bc00, 0x2ef2f000)
 compacting perm gen  total 12288K, used 1432K [0x37200000, 0x37e00000, 0x3b200000)
   the space 12288K,  11% used [0x37200000, 0x37366078, 0x37366200, 0x37e00000)
    ro space 10240K,  44% used [0x3b200000, 0x3b67c1d8, 0x3b67c200, 0x3bc00000)
    rw space 12288K,  52% used [0x3bc00000, 0x3c2440c0, 0x3c244200, 0x3c800000)
}
Event: 2.819 GC heap before
{Heap before GC invocations=10 (full 2):
 def new generation   total 18432K, used 12958K [0x27200000, 0x28600000, 0x2c750000)
  eden space 16384K,  79% used [0x27200000, 0x27ea7958, 0x28200000)
  from space 2048K,   0% used [0x28200000, 0x28200000, 0x28400000)
  to   space 2048K,   0% used [0x28400000, 0x28400000, 0x28600000)
 tenured generation   total 40828K, used 24494K [0x2c750000, 0x2ef2f000, 0x37200000)
   the space 40828K,  59% used [0x2c750000, 0x2df3ba50, 0x2df3bc00, 0x2ef2f000)
 compacting perm gen  total 12288K, used 1432K [0x37200000, 0x37e00000, 0x3b200000)
   the space 12288K,  11% used [0x37200000, 0x37366078, 0x37366200, 0x37e00000)
    ro space 10240K,  44% used [0x3b200000, 0x3b67c1d8, 0x3b67c200, 0x3bc00000)
    rw space 12288K,  52% used [0x3bc00000, 0x3c2440c0, 0x3c244200, 0x3c800000)
Event: 2.823 GC heap after
Heap after GC invocations=11 (full 2):
 def new generation   total 18432K, used 1624K [0x27200000, 0x28600000, 0x2c750000)
  eden space 16384K,   0% used [0x27200000, 0x27200000, 0x28200000)
  from space 2048K,  79% used [0x28400000, 0x28596240, 0x28600000)
  to   space 2048K,   0% used [0x28200000, 0x28200000, 0x28400000)
 tenured generation   total 40828K, used 28098K [0x2c750000, 0x2ef2f000, 0x37200000)
   the space 40828K,  68% used [0x2c750000, 0x2e2c0890, 0x2e2c0a00, 0x2ef2f000)
 compacting perm gen  total 12288K, used 1432K [0x37200000, 0x37e00000, 0x3b200000)
   the space 12288K,  11% used [0x37200000, 0x37366078, 0x37366200, 0x37e00000)
    ro space 10240K,  44% used [0x3b200000, 0x3b67c1d8, 0x3b67c200, 0x3bc00000)
    rw space 12288K,  52% used [0x3bc00000, 0x3c2440c0, 0x3c244200, 0x3c800000)
}
Event: 2.878 GC heap before
{Heap before GC invocations=11 (full 2):
 def new generation   total 18432K, used 18008K [0x27200000, 0x28600000, 0x2c750000)
  eden space 16384K, 100% used [0x27200000, 0x28200000, 0x28200000)
  from space 2048K,  79% used [0x28400000, 0x28596240, 0x28600000)
  to   space 2048K,   0% used [0x28200000, 0x28200000, 0x28400000)
 tenured generation   total 40828K, used 28098K [0x2c750000, 0x2ef2f000, 0x37200000)
   the space 40828K,  68% used [0x2c750000, 0x2e2c0890, 0x2e2c0a00, 0x2ef2f000)
 compacting perm gen  total 12288K, used 1432K [0x37200000, 0x37e00000, 0x3b200000)
   the space 12288K,  11% used [0x37200000, 0x37366078, 0x37366200, 0x37e00000)
    ro space 10240K,  44% used [0x3b200000, 0x3b67c1d8, 0x3b67c200, 0x3bc00000)
    rw space 12288K,  52% used [0x3bc00000, 0x3c2440c0, 0x3c244200, 0x3c800000)
Event: 2.886 GC heap after
Heap after GC invocations=12 (full 2):
 def new generation   total 18432K, used 1420K [0x27200000, 0x28600000, 0x2c750000)
  eden space 16384K,   0% used [0x27200000, 0x27200000, 0x28200000)
  from space 2048K,  69% used [0x28200000, 0x28363230, 0x28400000)
  to   space 2048K,   0% used [0x28400000, 0x28400000, 0x28600000)
 tenured generation   total 40828K, used 36739K [0x2c750000, 0x2ef2f000, 0x37200000)
   the space 40828K,  89% used [0x2c750000, 0x2eb30cf0, 0x2eb30e00, 0x2ef2f000)
 compacting perm gen  total 12288K, used 1432K [0x37200000, 0x37e00000, 0x3b200000)
   the space 12288K,  11% used [0x37200000, 0x37366078, 0x37366200, 0x37e00000)
    ro space 10240K,  44% used [0x3b200000, 0x3b67c1d8, 0x3b67c200, 0x3bc00000)
    rw space 12288K,  52% used [0x3bc00000, 0x3c2440c0, 0x3c244200, 0x3c800000)
}
Event: 3.716 GC heap before
{Heap before GC invocations=12 (full 2):
 def new generation   total 18432K, used 17804K [0x27200000, 0x28600000, 0x2c750000)
  eden space 16384K, 100% used [0x27200000, 0x28200000, 0x28200000)
  from space 2048K,  69% used [0x28200000, 0x28363230, 0x28400000)
  to   space 2048K,   0% used [0x28400000, 0x28400000, 0x28600000)
 tenured generation   total 40828K, used 36739K [0x2c750000, 0x2ef2f000, 0x37200000)
   the space 40828K,  89% used [0x2c750000, 0x2eb30cf0, 0x2eb30e00, 0x2ef2f000)
 compacting perm gen  total 12288K, used 1469K [0x37200000, 0x37e00000, 0x3b200000)
   the space 12288K,  11% used [0x37200000, 0x3736f6a0, 0x3736f800, 0x37e00000)
    ro space 10240K,  44% used [0x3b200000, 0x3b67c1d8, 0x3b67c200, 0x3bc00000)
    rw space 12288K,  52% used [0x3bc00000, 0x3c2440c0, 0x3c244200, 0x3c800000)
Event: 3.743 GC heap after
Heap after GC invocations=13 (full 3):
 def new generation   total 31744K, used 1078K [0x27200000, 0x29470000, 0x2c750000)
  eden space 28224K,   3% used [0x27200000, 0x2730d9a8, 0x28d90000)
  from space 3520K,   0% used [0x28d90000, 0x28d90000, 0x29100000)
  to   space 3520K,   0% used [0x29100000, 0x29100000, 0x29470000)
 tenured generation   total 70396K, used 42235K [0x2c750000, 0x30c0f000, 0x37200000)
   the space 70396K,  59% used [0x2c750000, 0x2f08ef68, 0x2f08f000, 0x30c0f000)
 compacting perm gen  total 12288K, used 1469K [0x37200000, 0x37e00000, 0x3b200000)
   the space 12288K,  11% used [0x37200000, 0x3736f6a0, 0x3736f800, 0x37e00000)
    ro space 10240K,  44% used [0x3b200000, 0x3b67c1d8, 0x3b67c200, 0x3bc00000)
    rw space 12288K,  52% used [0x3bc00000, 0x3c2440c0, 0x3c244200, 0x3c800000)
}
Event: 15.257 GC heap before
{Heap before GC invocations=13 (full 3):
 def new generation   total 31744K, used 27976K [0x27200000, 0x29470000, 0x2c750000)
  eden space 28224K,  99% used [0x27200000, 0x28d523e8, 0x28d90000)
  from space 3520K,   0% used [0x28d90000, 0x28d90000, 0x29100000)
  to   space 3520K,   0% used [0x29100000, 0x29100000, 0x29470000)
 tenured generation   total 70396K, used 42235K [0x2c750000, 0x30c0f000, 0x37200000)
   the space 70396K,  59% used [0x2c750000, 0x2f08ef68, 0x2f08f000, 0x30c0f000)
 compacting perm gen  total 12288K, used 1587K [0x37200000, 0x37e00000, 0x3b200000)
   the space 12288K,  12% used [0x37200000, 0x3738cce0, 0x3738ce00, 0x37e00000)
    ro space 10240K,  44% used [0x3b200000, 0x3b67c1d8, 0x3b67c200, 0x3bc00000)
    rw space 12288K,  52% used [0x3bc00000, 0x3c2440c0, 0x3c244200, 0x3c800000)
Event: 15.270 GC heap after
Heap after GC invocations=14 (full 3):
 def new generation   total 31744K, used 1275K [0x27200000, 0x29470000, 0x2c750000)
  eden space 28224K,   0% used [0x27200000, 0x27200000, 0x28d90000)
  from space 3520K,  36% used [0x29100000, 0x2923ef58, 0x29470000)
  to   space 3520K,   0% used [0x28d90000, 0x28d90000, 0x29100000)
 tenured generation   total 70396K, used 47485K [0x2c750000, 0x30c0f000, 0x37200000)
   the space 70396K,  67% used [0x2c750000, 0x2f5af538, 0x2f5af600, 0x30c0f000)
 compacting perm gen  total 12288K, used 1587K [0x37200000, 0x37e00000, 0x3b200000)
   the space 12288K,  12% used [0x37200000, 0x3738cce0, 0x3738ce00, 0x37e00000)
    ro space 10240K,  44% used [0x3b200000, 0x3b67c1d8, 0x3b67c200, 0x3bc00000)
    rw space 12288K,  52% used [0x3bc00000, 0x3c2440c0, 0x3c244200, 0x3c800000)
}

