# JRE version: Java(TM) SE Runtime Environment (7.0_79-b15) (build 1.7.0_79-b15)
# Java VM: Java HotSpot(TM) Client VM (24.79-b02 mixed mode, sharing windows-x86 )
Heap
 def new generation   total 31104K, used 19536K [0x27200000, 0x293b0000, 0x2c750000)
  eden space 27712K,  61% used [0x27200000, 0x282c3120, 0x28d10000)
  from space 3392K,  69% used [0x29060000, 0x292b11a0, 0x293b0000)
  to   space 3392K,   0% used [0x28d10000, 0x28d10000, 0x29060000)
 tenured generation   total 68844K, used 46542K [0x2c750000, 0x30a8b000, 0x37200000)
   the space 68844K,  67% used [0x2c750000, 0x2f4c3a50, 0x2f4c3c00, 0x30a8b000)
 compacting perm gen  total 12288K, used 2845K [0x37200000, 0x37e00000, 0x3b200000)
   the space 12288K,  23% used [0x37200000, 0x374c7620, 0x374c7800, 0x37e00000)
    ro space 10240K,  44% used [0x3b200000, 0x3b67c1d8, 0x3b67c200, 0x3bc00000)
    rw space 12288K,  52% used [0x3bc00000, 0x3c2440c0, 0x3c244200, 0x3c800000)
GC Heap History (10 events):
Event: 3.258 GC heap before
{Heap before GC invocations=8 (full 1):
 def new generation   total 4992K, used 4495K [0x27200000, 0x27760000, 0x2c750000)
  eden space 4480K, 100% used [0x27200000, 0x27660000, 0x27660000)
  from space 512K,   3% used [0x27660000, 0x27663f80, 0x276e0000)
  to   space 512K,   0% used [0x276e0000, 0x276e0000, 0x27760000)
 tenured generation   total 20948K, used 19519K [0x2c750000, 0x2dbc5000, 0x37200000)
   the space 20948K,  93% used [0x2c750000, 0x2da5fe90, 0x2da60000, 0x2dbc5000)
 compacting perm gen  total 12288K, used 1431K [0x37200000, 0x37e00000, 0x3b200000)
   the space 12288K,  11% used [0x37200000, 0x37365d28, 0x37365e00, 0x37e00000)
    ro space 10240K,  44% used [0x3b200000, 0x3b67c1d8, 0x3b67c200, 0x3bc00000)
    rw space 12288K,  52% used [0x3bc00000, 0x3c2440c0, 0x3c244200, 0x3c800000)
Event: 3.273 GC heap after
Heap after GC invocations=9 (full 2):
 def new generation   total 17408K, used 0K [0x27200000, 0x284e0000, 0x2c750000)
  eden space 15488K,   0% used [0x27200000, 0x27200000, 0x28120000)
  from space 1920K,   0% used [0x28120000, 0x28120000, 0x28300000)
  to   space 1920K,   0% used [0x28300000, 0x28300000, 0x284e0000)
 tenured generation   total 38564K, used 23137K [0x2c750000, 0x2ecf9000, 0x37200000)
   the space 38564K,  59% used [0x2c750000, 0x2dde86f0, 0x2dde8800, 0x2ecf9000)
 compacting perm gen  total 12288K, used 1431K [0x37200000, 0x37e00000, 0x3b200000)
   the space 12288K,  11% used [0x37200000, 0x37365d28, 0x37365e00, 0x37e00000)
    ro space 10240K,  44% used [0x3b200000, 0x3b67c1d8, 0x3b67c200, 0x3bc00000)
    rw space 12288K,  52% used [0x3bc00000, 0x3c2440c0, 0x3c244200, 0x3c800000)
}
Event: 3.619 GC heap before
{Heap before GC invocations=9 (full 2):
 def new generation   total 17408K, used 14241K [0x27200000, 0x284e0000, 0x2c750000)
  eden space 15488K,  91% used [0x27200000, 0x27fe8610, 0x28120000)
  from space 1920K,   0% used [0x28120000, 0x28120000, 0x28300000)
  to   space 1920K,   0% used [0x28300000, 0x28300000, 0x284e0000)
 tenured generation   total 38564K, used 23137K [0x2c750000, 0x2ecf9000, 0x37200000)
   the space 38564K,  59% used [0x2c750000, 0x2dde86f0, 0x2dde8800, 0x2ecf9000)
 compacting perm gen  total 12288K, used 1431K [0x37200000, 0x37e00000, 0x3b200000)
   the space 12288K,  11% used [0x37200000, 0x37365d38, 0x37365e00, 0x37e00000)
    ro space 10240K,  44% used [0x3b200000, 0x3b67c1d8, 0x3b67c200, 0x3bc00000)
    rw space 12288K,  52% used [0x3bc00000, 0x3c2440c0, 0x3c244200, 0x3c800000)
Event: 3.622 GC heap after
Heap after GC invocations=10 (full 2):
 def new generation   total 17408K, used 1626K [0x27200000, 0x284e0000, 0x2c750000)
  eden space 15488K,   0% used [0x27200000, 0x27200000, 0x28120000)
  from space 1920K,  84% used [0x28300000, 0x28496af0, 0x284e0000)
  to   space 1920K,   0% used [0x28120000, 0x28120000, 0x28300000)
 tenured generation   total 38564K, used 26741K [0x2c750000, 0x2ecf9000, 0x37200000)
   the space 38564K,  69% used [0x2c750000, 0x2e16d530, 0x2e16d600, 0x2ecf9000)
 compacting perm gen  total 12288K, used 1431K [0x37200000, 0x37e00000, 0x3b200000)
   the space 12288K,  11% used [0x37200000, 0x37365d38, 0x37365e00, 0x37e00000)
    ro space 10240K,  44% used [0x3b200000, 0x3b67c1d8, 0x3b67c200, 0x3bc00000)
    rw space 12288K,  52% used [0x3bc00000, 0x3c2440c0, 0x3c244200, 0x3c800000)
}
Event: 3.729 GC heap before
{Heap before GC invocations=10 (full 2):
 def new generation   total 17408K, used 16023K [0x27200000, 0x284e0000, 0x2c750000)
  eden space 15488K,  92% used [0x27200000, 0x2800f168, 0x28120000)
  from space 1920K,  84% used [0x28300000, 0x28496af0, 0x284e0000)
  to   space 1920K,   0% used [0x28120000, 0x28120000, 0x28300000)
 tenured generation   total 38564K, used 26741K [0x2c750000, 0x2ecf9000, 0x37200000)
   the space 38564K,  69% used [0x2c750000, 0x2e16d530, 0x2e16d600, 0x2ecf9000)
 compacting perm gen  total 12288K, used 1431K [0x37200000, 0x37e00000, 0x3b200000)
   the space 12288K,  11% used [0x37200000, 0x37365d38, 0x37365e00, 0x37e00000)
    ro space 10240K,  44% used [0x3b200000, 0x3b67c1d8, 0x3b67c200, 0x3bc00000)
    rw space 12288K,  52% used [0x3bc00000, 0x3c2440c0, 0x3c244200, 0x3c800000)
Event: 3.734 GC heap after
Heap after GC invocations=11 (full 2):
 def new generation   total 17408K, used 1420K [0x27200000, 0x284e0000, 0x2c750000)
  eden space 15488K,   0% used [0x27200000, 0x27200000, 0x28120000)
  from space 1920K,  73% used [0x28120000, 0x28283250, 0x28300000)
  to   space 1920K,   0% used [0x28300000, 0x28300000, 0x284e0000)
 tenured generation   total 38564K, used 33978K [0x2c750000, 0x2ecf9000, 0x37200000)
   the space 38564K,  88% used [0x2c750000, 0x2e87e938, 0x2e87ea00, 0x2ecf9000)
 compacting perm gen  total 12288K, used 1431K [0x37200000, 0x37e00000, 0x3b200000)
   the space 12288K,  11% used [0x37200000, 0x37365d38, 0x37365e00, 0x37e00000)
    ro space 10240K,  44% used [0x3b200000, 0x3b67c1d8, 0x3b67c200, 0x3bc00000)
    rw space 12288K,  52% used [0x3bc00000, 0x3c2440c0, 0x3c244200, 0x3c800000)
}
Event: 4.077 GC heap before
{Heap before GC invocations=11 (full 2):
 def new generation   total 17408K, used 16908K [0x27200000, 0x284e0000, 0x2c750000)
  eden space 15488K, 100% used [0x27200000, 0x28120000, 0x28120000)
  from space 1920K,  73% used [0x28120000, 0x28283250, 0x28300000)
  to   space 1920K,   0% used [0x28300000, 0x28300000, 0x284e0000)
 tenured generation   total 38564K, used 33978K [0x2c750000, 0x2ecf9000, 0x37200000)
   the space 38564K,  88% used [0x2c750000, 0x2e87e938, 0x2e87ea00, 0x2ecf9000)
 compacting perm gen  total 12288K, used 1451K [0x37200000, 0x37e00000, 0x3b200000)
   the space 12288K,  11% used [0x37200000, 0x3736adf0, 0x3736ae00, 0x37e00000)
    ro space 10240K,  44% used [0x3b200000, 0x3b67c1d8, 0x3b67c200, 0x3bc00000)
    rw space 12288K,  52% used [0x3bc00000, 0x3c2440c0, 0x3c244200, 0x3c800000)
Event: 4.100 GC heap after
Heap after GC invocations=12 (full 3):
 def new generation   total 31104K, used 1311K [0x27200000, 0x293b0000, 0x2c750000)
  eden space 27712K,   4% used [0x27200000, 0x27347fc8, 0x28d10000)
  from space 3392K,   0% used [0x28d10000, 0x28d10000, 0x29060000)
  to   space 3392K,   0% used [0x29060000, 0x29060000, 0x293b0000)
 tenured generation   total 68844K, used 41305K [0x2c750000, 0x30a8b000, 0x37200000)
   the space 68844K,  59% used [0x2c750000, 0x2efa6400, 0x2efa6400, 0x30a8b000)
 compacting perm gen  total 12288K, used 1451K [0x37200000, 0x37e00000, 0x3b200000)
   the space 12288K,  11% used [0x37200000, 0x3736adf0, 0x3736ae00, 0x37e00000)
    ro space 10240K,  44% used [0x3b200000, 0x3b67c1d8, 0x3b67c200, 0x3bc00000)
    rw space 12288K,  52% used [0x3bc00000, 0x3c2440c0, 0x3c244200, 0x3c800000)
}
Event: 12.995 GC heap before
{Heap before GC invocations=12 (full 3):
 def new generation   total 31104K, used 27491K [0x27200000, 0x293b0000, 0x2c750000)
  eden space 27712K,  99% used [0x27200000, 0x28cd8e78, 0x28d10000)
  from space 3392K,   0% used [0x28d10000, 0x28d10000, 0x29060000)
  to   space 3392K,   0% used [0x29060000, 0x29060000, 0x293b0000)
 tenured generation   total 68844K, used 41305K [0x2c750000, 0x30a8b000, 0x37200000)
   the space 68844K,  59% used [0x2c750000, 0x2efa6400, 0x2efa6400, 0x30a8b000)
 compacting perm gen  total 12288K, used 1643K [0x37200000, 0x37e00000, 0x3b200000)
   the space 12288K,  13% used [0x37200000, 0x3739aff0, 0x3739b000, 0x37e00000)
    ro space 10240K,  44% used [0x3b200000, 0x3b67c1d8, 0x3b67c200, 0x3bc00000)
    rw space 12288K,  52% used [0x3bc00000, 0x3c2440c0, 0x3c244200, 0x3c800000)
Event: 13.008 GC heap after
Heap after GC invocations=13 (full 3):
 def new generation   total 31104K, used 2372K [0x27200000, 0x293b0000, 0x2c750000)
  eden space 27712K,   0% used [0x27200000, 0x27200000, 0x28d10000)
  from space 3392K,  69% used [0x29060000, 0x292b11a0, 0x293b0000)
  to   space 3392K,   0% used [0x28d10000, 0x28d10000, 0x29060000)
 tenured generation   total 68844K, used 46542K [0x2c750000, 0x30a8b000, 0x37200000)
   the space 68844K,  67% used [0x2c750000, 0x2f4c3a50, 0x2f4c3c00, 0x30a8b000)
 compacting perm gen  total 12288K, used 1643K [0x37200000, 0x37e00000, 0x3b200000)
   the space 12288K,  13% used [0x37200000, 0x3739aff0, 0x3739b000, 0x37e00000)
    ro space 10240K,  44% used [0x3b200000, 0x3b67c1d8, 0x3b67c200, 0x3bc00000)
    rw space 12288K,  52% used [0x3bc00000, 0x3c2440c0, 0x3c244200, 0x3c800000)
}

